\BOOKMARK [1][-]{section.1}{\376\377\000O\000p\000e\000r\000a\000t\000i\000o\000n\000s\000\040\000o\000n\000\040\000S\000e\000t\000s}{}% 1
\BOOKMARK [2][-]{subsection.1.1}{\376\377\000K\000-\000A\000r\000y\000\040\000O\000p\000e\000r\000a\000t\000i\000o\000n\000s}{section.1}% 2
\BOOKMARK [3][-]{defn.1.1}{\376\377\000D\000e\000f\000i\000n\000i\000t\000i\000o\000n\000:\000\040\000B\000i\000n\000a\000r\000y\000\040\000O\000p\000e\000r\000a\000t\000i\000o\000n\000s}{subsection.1.1}% 3
\BOOKMARK [2][-]{subsection.1.2}{\376\377\000A\000s\000s\000o\000c\000i\000a\000t\000i\000v\000e\000\040\000O\000p\000e\000r\000a\000t\000i\000o\000n\000s}{section.1}% 4
\BOOKMARK [3][-]{defn.1.4}{\376\377\000D\000e\000f\000i\000n\000i\000t\000i\000o\000n\000:\000\040\000\050\000I\000n\000f\000o\000r\000m\000a\000l\000\051\000\040\000B\000r\000a\000c\000k\000e\000t\000i\000n\000g}{subsection.1.2}% 5
\BOOKMARK [3][-]{defn.1.5}{\376\377\000D\000e\000f\000i\000n\000i\000t\000i\000o\000n\000:\000\040\000B\000r\000a\000c\000k\000e\000t\000i\000n\000g}{subsection.1.2}% 6
\BOOKMARK [3][-]{nota.1.1}{\376\377\000N\000o\000t\000a\000t\000i\000o\000n\000:\000\040\000A\000s\000s\000o\000c\000i\000a\000t\000i\000v\000i\000t\000y\000\040\000m\000a\000k\000e\000s\000\040\000B\000r\000a\000c\000k\000e\000t\000s\000\040\000P\000o\000i\000n\000t\000l\000e\000s\000s}{subsection.1.2}% 7
\BOOKMARK [3][-]{defn.1.6}{\376\377\000D\000e\000f\000i\000n\000i\000t\000i\000o\000n\000:\000\040\000C\000o\000m\000m\000u\000t\000a\000t\000i\000v\000e}{subsection.1.2}% 8
\BOOKMARK [3][-]{defn.1.7}{\376\377\000D\000e\000f\000i\000n\000i\000t\000i\000o\000n\000:\000\040\000I\000d\000e\000n\000t\000i\000t\000y}{subsection.1.2}% 9
\BOOKMARK [3][-]{lem.1.1}{\376\377\000L\000e\000m\000m\000a\000:\000\040\000U\000n\000i\000q\000u\000e\000n\000e\000s\000s\000\040\000o\000f\000\040\000I\000d\000e\000n\000t\000i\000t\000y}{subsection.1.2}% 10
\BOOKMARK [3][-]{defn.1.8}{\376\377\000D\000e\000f\000i\000n\000i\000t\000i\000o\000n\000:\000\040\000I\000n\000v\000e\000r\000s\000e}{subsection.1.2}% 11
\BOOKMARK [3][-]{lem.1.2}{\376\377\000L\000e\000m\000m\000a\000:\000\040\000A\000s\000s\000o\000c\000i\000t\000i\000v\000i\000t\000y\000\040\000i\000m\000p\000l\000i\000e\000s\000\040\000U\000n\000i\000q\000u\000e\000n\000e\000s\000s\000\040\000o\000f\000\040\000I\000n\000v\000e\000r\000s\000e\000s}{subsection.1.2}% 12
\BOOKMARK [3][-]{nota.1.2}{\376\377\000N\000o\000t\000a\000t\000i\000o\000n\000:\000\040\000I\000n\000v\000e\000r\000s\000e}{subsection.1.2}% 13
\BOOKMARK [3][-]{lem.1.3}{\376\377\000L\000e\000m\000m\000a\000:\000\040\000P\000r\000o\000p\000e\000r\000t\000i\000e\000s\000\040\000o\000f\000\040\000t\000h\000e\000\040\000I\000n\000v\000e\000r\000s\000e}{subsection.1.2}% 14
\BOOKMARK [3][-]{lem.1.4}{\376\377\000L\000e\000m\000m\000a\000:\000\040\000C\000a\000n\000c\000e\000l\000l\000a\000t\000i\000o\000n\000\040\000P\000r\000o\000p\000e\000r\000t\000y}{subsection.1.2}% 15
\BOOKMARK [1][-]{section.2}{\376\377\000G\000r\000o\000u\000p\000s}{}% 16
\BOOKMARK [2][-]{subsection.2.1}{\376\377\000D\000e\000f\000i\000n\000i\000t\000i\000o\000n\000s}{section.2}% 17
\BOOKMARK [3][-]{defn.2.1}{\376\377\000D\000e\000f\000i\000n\000i\000t\000i\000o\000n\000:\000\040\000G\000r\000o\000u\000p}{subsection.2.1}% 18
\BOOKMARK [3][-]{nota.2.1}{\376\377\000N\000o\000t\000a\000t\000i\000o\000n\000:\000\040\000M\000u\000l\000t\000i\000p\000l\000i\000c\000a\000t\000i\000v\000e\000\040\000N\000o\000t\000a\000t\000i\000o\000n}{subsection.2.1}% 19
\BOOKMARK [3][-]{defn.2.2}{\376\377\000D\000e\000f\000i\000n\000i\000t\000i\000o\000n\000:\000\040\000A\000b\000e\000l\000i\000a\000n\000\040\000G\000r\000o\000u\000p}{subsection.2.1}% 20
\BOOKMARK [3][-]{defn.2.3}{\376\377\000D\000e\000f\000i\000n\000i\000t\000i\000o\000n\000:\000\040\000P\000e\000r\000m\000u\000t\000a\000t\000i\000o\000n\000\040\000G\000r\000o\000u\000p}{subsection.2.1}% 21
\BOOKMARK [3][-]{defn.2.4}{\376\377\000D\000e\000f\000i\000n\000i\000t\000i\000o\000n\000:\000\040\000O\000r\000d\000e\000r}{subsection.2.1}% 22
\BOOKMARK [3][-]{nota.2.2}{\376\377\000N\000o\000t\000a\000t\000i\000o\000n\000:\000\040\000G\000e\000n\000e\000r\000a\000l\000\040\000L\000i\000n\000e\000a\000r\000\040\000G\000r\000o\000u\000p}{subsection.2.1}% 23
\BOOKMARK [2][-]{subsection.2.2}{\376\377\000D\000i\000h\000e\000d\000r\000a\000l\000\040\000G\000r\000o\000u\000p\000s}{section.2}% 24
\BOOKMARK [3][-]{defn.2.5}{\376\377\000D\000e\000f\000i\000n\000i\000t\000i\000o\000n\000:\000\040\000N\000-\000G\000o\000n}{subsection.2.2}% 25
\BOOKMARK [3][-]{defn.2.6}{\376\377\000D\000e\000f\000i\000n\000i\000t\000i\000o\000n\000:\000\040\000A\000n\000\040\000N\000-\000G\000o\000n\000\040\000S\000y\000m\000m\000e\000t\000r\000y}{subsection.2.2}% 26
\BOOKMARK [3][-]{defn.2.7}{\376\377\000D\000e\000f\000i\000n\000i\000t\000i\000o\000n\000:\000\040\000D\000i\000h\000e\000d\000r\000a\000l\000\040\000G\000r\000o\000u\000p}{subsection.2.2}% 27
\BOOKMARK [3][-]{lem.2.2}{\376\377\000L\000e\000m\000m\000a\000:\000\040\000D\000i\000h\000e\000d\000r\000a\000l\000\040\000G\000R\000O\000U\000P}{subsection.2.2}% 28
\BOOKMARK [3][-]{defn.2.8}{\376\377\000D\000e\000f\000i\000n\000i\000t\000i\000o\000n\000:\000\040\000G\000r\000o\000u\000p\000\040\000P\000o\000w\000e\000r}{subsection.2.2}% 29
\BOOKMARK [3][-]{defn.2.9}{\376\377\000D\000e\000f\000i\000n\000i\000t\000i\000o\000n\000:\000\040\000O\000r\000d\000e\000r\000\040\000o\000f\000\040\000a\000n\000\040\000E\000l\000e\000m\000e\000n\000t}{subsection.2.2}% 30
\BOOKMARK [3][-]{lem.2.3}{\376\377\000L\000e\000m\000m\000a\000:\000\040\000P\000r\000o\000p\000e\000r\000t\000i\000e\000s\000\040\000o\000f\000\040\000O\000r\000d\000e\000r}{subsection.2.2}% 31
\BOOKMARK [3][-]{prop.2.1}{\376\377\000P\000r\000o\000p\000o\000s\000i\000t\000i\000o\000n\000:\000\040\000D\000i\000h\000e\000d\000r\000a\000l\000\040\000G\000r\000o\000u\000p\000\040\000E\000x\000p\000l\000i\000c\000i\000t\000\040\000C\000l\000a\000s\000s\000i\000f\000i\000c\000a\000t\000i\000o\000n}{subsection.2.2}% 32
